\BOOKMARK [0][-]{chapter.1}{\376\377\000I\000n\000t\000r\000o\000d\000u\000c\000t\000i\000o\000n}{}% 1
\BOOKMARK [0][-]{chapter.2}{\376\377\000A\000n\000a\000l\000y\000s\000e}{}% 2
\BOOKMARK [0][-]{chapter.3}{\376\377\000S\000t\000a\000t\000e\000\040\000o\000f\000\040\000t\000h\000e\000\040\000a\000r\000t}{}% 3
\BOOKMARK [1][-]{section.3.1}{\376\377\000C\000C\000S\000D\000S}{chapter.3}% 4
\BOOKMARK [2][-]{subsection.3.1.1}{\376\377\000C\000C\000S\000D\000S\000\040\0001\0002\0001\000.\0000\000-\000b\000-\0003}{section.3.1}% 5
\BOOKMARK [2][-]{subsection.3.1.2}{\376\377\000C\000C\000S\000D\000S\000\040\0001\0002\0002\000.\0000\000-\000b\000-\0002}{section.3.1}% 6
\BOOKMARK [2][-]{subsection.3.1.3}{\376\377\000T\000e\000s\000t\000s}{section.3.1}% 7
\BOOKMARK [1][-]{section.3.2}{\376\377\000F\000A\000P\000E\000C}{chapter.3}% 8
\BOOKMARK [2][-]{subsection.3.2.1}{\376\377\000A\000l\000g\000o\000r\000i\000t\000h\000m}{section.3.2}% 9
\BOOKMARK [2][-]{subsection.3.2.2}{\376\377\000T\000e\000s\000t\000s}{section.3.2}% 10
\BOOKMARK [1][-]{section.3.3}{\376\377\000F\000E\000L\000I\000C\000S}{chapter.3}% 11
\BOOKMARK [2][-]{subsection.3.3.1}{\376\377\000A\000l\000g\000o\000r\000i\000t\000h\000m}{section.3.3}% 12
\BOOKMARK [2][-]{subsection.3.3.2}{\376\377\000T\000e\000s\000t\000s}{section.3.3}% 13
\BOOKMARK [1][-]{section.3.4}{\376\377\000m\000i\000j\000n\000\040\000e\000i\000g\000e\000n\000\040\000d\000i\000n\000g}{chapter.3}% 14
\BOOKMARK [2][-]{subsection.3.4.1}{\376\377\000A\000l\000g\000o\000r\000i\000t\000h\000m}{section.3.4}% 15
\BOOKMARK [2][-]{subsection.3.4.2}{\376\377\000T\000e\000s\000t\000s}{section.3.4}% 16
\BOOKMARK [1][-]{section.3.5}{\376\377\000H\000a\000r\000d\000w\000a\000r\000e\000\040\000v\000e\000r\000s\000u\000s\000\040\000s\000o\000f\000t\000w\000a\000r\000e\000-\000i\000m\000p\000l\000e\000m\000e\000n\000t\000a\000t\000i\000o\000n}{chapter.3}% 17
\BOOKMARK [1][-]{section.3.6}{\376\377\000C\000o\000n\000c\000l\000u\000s\000i\000o\000n}{chapter.3}% 18
\BOOKMARK [0][-]{chapter.4}{\376\377\000D\000e\000s\000i\000g\000n}{}% 19
\BOOKMARK [0][-]{chapter.5}{\376\377\000R\000e\000a\000l\000i\000s\000a\000t\000i\000o\000n}{}% 20
\BOOKMARK [0][-]{chapter.6}{\376\377\000E\000v\000a\000l\000u\000a\000t\000i\000o\000n}{}% 21
\BOOKMARK [0][-]{chapter.7}{\376\377\000C\000o\000n\000c\000l\000u\000s\000i\000o\000n}{}% 22
